C:\Program Files\Microsoft Visual Studio\2022\Community\MSBuild\Microsoft\VC\v170\Microsoft.CppBuild.targets(503,5): warning MSB8004: Output Directory does not end with a trailing slash.  This build instance will add the slash as it is required to allow proper evaluation of the Output Directory.
  Generate lexer and parser afresh everytime
C_grammar.y : warning : 12 shift/reduce conflicts [-Wconflicts-sr]
C_grammar.y : warning : 4 reduce/reduce conflicts [-Wconflicts-rr]
  C_grammar.y: note: rerun with option '-Wcounterexamples' to generate conflict counterexamples
  Parser.c
C:\Users\Chris2\GoogleDrive\Sikraken\Parser\string_functions.h(28,63): warning C4267: 'function': conversion from 'size_t' to 'int', possible loss of data
C:\Users\Chris2\GoogleDrive\Sikraken\Parser\string_functions.h(56,65): warning C4267: 'function': conversion from 'size_t' to 'int', possible loss of data
C:\Users\Chris2\GoogleDrive\Sikraken\Parser\string_functions.h(199,46): warning C4267: 'function': conversion from 'size_t' to 'int', possible loss of data
C:\Users\Chris2\GoogleDrive\Sikraken\Parser\switch_functions.h(89,29): warning C4267: 'initializing': conversion from 'size_t' to 'int', possible loss of data
C:\Users\Chris2\GoogleDrive\Sikraken\Parser\switch_functions.h(201,35): warning C4267: '=': conversion from 'size_t' to 'int', possible loss of data
C:\Users\Chris2\GoogleDrive\Sikraken\Parser\switch_functions.h(207,32): warning C4267: '=': conversion from 'size_t' to 'int', possible loss of data
C:\Users\Chris2\GoogleDrive\Sikraken\Parser\switch_functions.h(287,79): warning C4267: 'function': conversion from 'size_t' to 'int', possible loss of data
C:\Users\Chris2\GoogleDrive\Sikraken\Parser\switch_functions.h(352,110): warning C4267: 'function': conversion from 'size_t' to 'int', possible loss of data
C:\Users\Chris2\GoogleDrive\Sikraken\Parser\switch_functions.h(359,77): warning C4267: 'function': conversion from 'size_t' to 'int', possible loss of data
C:\Users\Chris2\GoogleDrive\Sikraken\Parser\switch_functions.h(364,79): warning C4267: 'function': conversion from 'size_t' to 'int', possible loss of data
C:\Users\Chris2\GoogleDrive\Sikraken\Parser\switch_functions.h(390,77): warning C4267: 'function': conversion from 'size_t' to 'int', possible loss of data
C:\Users\Chris2\GoogleDrive\Sikraken\Parser\switch_functions.h(391,35): warning C4267: 'function': conversion from 'size_t' to 'int', possible loss of data
C:\Users\Chris2\GoogleDrive\Sikraken\Parser\switch_functions.h(449,29): warning C4267: 'initializing': conversion from 'size_t' to 'int', possible loss of data
C:\Users\Chris2\GoogleDrive\Sikraken\Parser\switch_functions.h(509,29): warning C4267: 'initializing': conversion from 'size_t' to 'int', possible loss of data
C:\Users\Chris2\GoogleDrive\Sikraken\Parser\typedef_functions.h(151,51): warning C4267: 'function': conversion from 'size_t' to 'int', possible loss of data
C:\Users\Chris2\GoogleDrive\Sikraken\Parser\array_functions.h(74,69): warning C4267: '=': conversion from 'size_t' to 'int', possible loss of data
C:\Users\Chris2\GoogleDrive\Sikraken\Parser\array_functions.h(82,66): warning C4267: '=': conversion from 'size_t' to 'int', possible loss of data
C:\Users\Chris2\GoogleDrive\Sikraken\Parser\array_functions.h(54,8): warning C4101: 'arrayname': unreferenced local variable
C:\Users\Chris2\GoogleDrive\Sikraken\Parser\array_functions.h(55,8): warning C4101: 'dimension': unreferenced local variable
C:\Users\Chris2\GoogleDrive\Sikraken\Parser\array_functions.h(276,53): warning C4267: 'function': conversion from 'size_t' to 'int', possible loss of data
C:\Users\Chris2\GoogleDrive\Sikraken\Parser\array_functions.h(377,60): warning C4267: 'function': conversion from 'size_t' to 'int', possible loss of data
C:\Users\Chris2\GoogleDrive\Sikraken\Parser\array_functions.h(439,57): warning C4267: 'function': conversion from 'size_t' to 'int', possible loss of data
C:\Users\Chris2\GoogleDrive\Sikraken\Parser\array_functions.h(534,59): warning C4267: 'function': conversion from 'size_t' to 'int', possible loss of data
C:\Users\Chris2\GoogleDrive\Sikraken\Parser\array_functions.h(573,47): warning C4267: 'function': conversion from 'size_t' to 'int', possible loss of data
C:\Users\Chris2\GoogleDrive\Sikraken\Parser\decl_functions.h(730,19): warning C4047: 'function': 'char *' differs in levels of indirection from 'char *[10000]'
C:\Users\Chris2\GoogleDrive\Sikraken\Parser\decl_functions.h(730,9): warning C4024: 'strcpy': different types for formal and actual parameter 1
C:\Users\Chris2\GoogleDrive\Sikraken\Parser\decl_functions.h(730,48): warning C4047: 'function': 'char *' differs in levels of indirection from 'char *[10000]'
C:\Users\Chris2\GoogleDrive\Sikraken\Parser\decl_functions.h(730,38): warning C4024: 'initialisestring': different types for formal and actual parameter 1
C:\Users\Chris2\GoogleDrive\Sikraken\Parser\decl_functions.h(732,30): warning C4267: '=': conversion from 'size_t' to 'int', possible loss of data
C:\Users\Chris2\GoogleDrive\Sikraken\Parser\decl_functions.h(746,23): warning C4047: 'function': 'char *' differs in levels of indirection from 'char *[10000]'
C:\Users\Chris2\GoogleDrive\Sikraken\Parser\decl_functions.h(746,13): warning C4024: 'strcat': different types for formal and actual parameter 1
C:\Users\Chris2\GoogleDrive\Sikraken\Parser\decl_functions.h(747,23): warning C4047: 'function': 'char *' differs in levels of indirection from 'char *[10000]'
C:\Users\Chris2\GoogleDrive\Sikraken\Parser\decl_functions.h(747,13): warning C4024: 'strcat': different types for formal and actual parameter 1
C:\Users\Chris2\GoogleDrive\Sikraken\Parser\decl_functions.h(748,23): warning C4047: 'function': 'char *' differs in levels of indirection from 'char *[10000]'
C:\Users\Chris2\GoogleDrive\Sikraken\Parser\decl_functions.h(748,13): warning C4024: 'strcat': different types for formal and actual parameter 1
C:\Users\Chris2\GoogleDrive\Sikraken\Parser\decl_functions.h(749,23): warning C4047: 'function': 'char *' differs in levels of indirection from 'char *[10000]'
C:\Users\Chris2\GoogleDrive\Sikraken\Parser\decl_functions.h(749,13): warning C4024: 'strcat': different types for formal and actual parameter 1
C:\Users\Chris2\GoogleDrive\Sikraken\Parser\decl_functions.h(750,23): warning C4047: 'function': 'char *' differs in levels of indirection from 'char *[10000]'
C:\Users\Chris2\GoogleDrive\Sikraken\Parser\decl_functions.h(750,13): warning C4024: 'strcat': different types for formal and actual parameter 1
C:\Users\Chris2\GoogleDrive\Sikraken\Parser\decl_functions.h(755,23): warning C4047: 'function': 'char *' differs in levels of indirection from 'char *[10000]'
C:\Users\Chris2\GoogleDrive\Sikraken\Parser\decl_functions.h(755,13): warning C4024: 'strcat': different types for formal and actual parameter 1
C:\Users\Chris2\GoogleDrive\Sikraken\Parser\decl_functions.h(756,23): warning C4047: 'function': 'char *' differs in levels of indirection from 'char *[10000]'
C:\Users\Chris2\GoogleDrive\Sikraken\Parser\decl_functions.h(756,13): warning C4024: 'strcat': different types for formal and actual parameter 1
C:\Users\Chris2\GoogleDrive\Sikraken\Parser\decl_functions.h(758,24): warning C4047: 'function': 'char *' differs in levels of indirection from 'char *[10000]'
C:\Users\Chris2\GoogleDrive\Sikraken\Parser\decl_functions.h(758,14): warning C4024: 'strcat': different types for formal and actual parameter 1
C:\Users\Chris2\GoogleDrive\Sikraken\Parser\decl_functions.h(760,24): warning C4047: 'function': 'char *' differs in levels of indirection from 'char *[10000]'
C:\Users\Chris2\GoogleDrive\Sikraken\Parser\decl_functions.h(760,14): warning C4024: 'strcat': different types for formal and actual parameter 1
C:\Users\Chris2\GoogleDrive\Sikraken\Parser\decl_functions.h(761,23): warning C4047: 'function': 'char *' differs in levels of indirection from 'char *[10000]'
C:\Users\Chris2\GoogleDrive\Sikraken\Parser\decl_functions.h(761,13): warning C4024: 'strcat': different types for formal and actual parameter 1
C:\Users\Chris2\GoogleDrive\Sikraken\Parser\decl_functions.h(762,23): warning C4047: 'function': 'char *' differs in levels of indirection from 'char *[10000]'
C:\Users\Chris2\GoogleDrive\Sikraken\Parser\decl_functions.h(762,13): warning C4024: 'strcat': different types for formal and actual parameter 1
C:\Users\Chris2\GoogleDrive\Sikraken\Parser\decl_functions.h(763,23): warning C4047: 'function': 'char *' differs in levels of indirection from 'char *[10000]'
C:\Users\Chris2\GoogleDrive\Sikraken\Parser\decl_functions.h(763,13): warning C4024: 'strcat': different types for formal and actual parameter 1
C:\Users\Chris2\GoogleDrive\Sikraken\Parser\decl_functions.h(765,23): warning C4047: 'function': 'char *' differs in levels of indirection from 'char *[10000]'
C:\Users\Chris2\GoogleDrive\Sikraken\Parser\decl_functions.h(765,13): warning C4024: 'strcat': different types for formal and actual parameter 1
C:\Users\Chris2\GoogleDrive\Sikraken\Parser\decl_functions.h(766,23): warning C4047: 'function': 'char *' differs in levels of indirection from 'char *[10000]'
C:\Users\Chris2\GoogleDrive\Sikraken\Parser\decl_functions.h(766,13): warning C4024: 'strcat': different types for formal and actual parameter 1
C:\Users\Chris2\GoogleDrive\Sikraken\Parser\decl_functions.h(773,22): warning C4047: 'function': 'char *' differs in levels of indirection from 'char *[10000]'
C:\Users\Chris2\GoogleDrive\Sikraken\Parser\decl_functions.h(773,12): warning C4024: 'strcat': different types for formal and actual parameter 1
C:\Users\Chris2\GoogleDrive\Sikraken\Parser\decl_functions.h(774,22): warning C4047: 'function': 'char *' differs in levels of indirection from 'char *[10000]'
C:\Users\Chris2\GoogleDrive\Sikraken\Parser\decl_functions.h(774,12): warning C4024: 'strcat': different types for formal and actual parameter 1
C:\Users\Chris2\GoogleDrive\Sikraken\Parser\decl_functions.h(775,22): warning C4047: 'function': 'char *' differs in levels of indirection from 'char *[10000]'
C:\Users\Chris2\GoogleDrive\Sikraken\Parser\decl_functions.h(775,12): warning C4024: 'strcat': different types for formal and actual parameter 1
C:\Users\Chris2\GoogleDrive\Sikraken\Parser\decl_functions.h(776,22): warning C4047: 'function': 'char *' differs in levels of indirection from 'char *[10000]'
C:\Users\Chris2\GoogleDrive\Sikraken\Parser\decl_functions.h(776,12): warning C4024: 'strcat': different types for formal and actual parameter 1
C:\Users\Chris2\GoogleDrive\Sikraken\Parser\decl_functions.h(777,22): warning C4047: 'function': 'char *' differs in levels of indirection from 'char *[10000]'
C:\Users\Chris2\GoogleDrive\Sikraken\Parser\decl_functions.h(777,12): warning C4024: 'strcat': different types for formal and actual parameter 1
C:\Users\Chris2\GoogleDrive\Sikraken\Parser\decl_functions.h(778,22): warning C4047: 'function': 'char *' differs in levels of indirection from 'char *[10000]'
C:\Users\Chris2\GoogleDrive\Sikraken\Parser\decl_functions.h(778,12): warning C4024: 'strcat': different types for formal and actual parameter 1
C:\Users\Chris2\GoogleDrive\Sikraken\Parser\decl_functions.h(783,22): warning C4047: 'function': 'char *' differs in levels of indirection from 'char *[10000]'
C:\Users\Chris2\GoogleDrive\Sikraken\Parser\decl_functions.h(783,12): warning C4024: 'strcat': different types for formal and actual parameter 1
C:\Users\Chris2\GoogleDrive\Sikraken\Parser\decl_functions.h(784,22): warning C4047: 'function': 'char *' differs in levels of indirection from 'char *[10000]'
C:\Users\Chris2\GoogleDrive\Sikraken\Parser\decl_functions.h(784,12): warning C4024: 'strcat': different types for formal and actual parameter 1
C:\Users\Chris2\GoogleDrive\Sikraken\Parser\decl_functions.h(785,22): warning C4047: 'function': 'char *' differs in levels of indirection from 'char *[10000]'
C:\Users\Chris2\GoogleDrive\Sikraken\Parser\decl_functions.h(785,12): warning C4024: 'strcat': different types for formal and actual parameter 1
C:\Users\Chris2\GoogleDrive\Sikraken\Parser\decl_functions.h(786,22): warning C4047: 'function': 'char *' differs in levels of indirection from 'char *[10000]'
C:\Users\Chris2\GoogleDrive\Sikraken\Parser\decl_functions.h(786,12): warning C4024: 'strcat': different types for formal and actual parameter 1
C:\Users\Chris2\GoogleDrive\Sikraken\Parser\decl_functions.h(787,22): warning C4047: 'function': 'char *' differs in levels of indirection from 'char *[10000]'
C:\Users\Chris2\GoogleDrive\Sikraken\Parser\decl_functions.h(787,12): warning C4024: 'strcat': different types for formal and actual parameter 1
C:\Users\Chris2\GoogleDrive\Sikraken\Parser\decl_functions.h(788,22): warning C4047: 'function': 'char *' differs in levels of indirection from 'char *[10000]'
C:\Users\Chris2\GoogleDrive\Sikraken\Parser\decl_functions.h(788,12): warning C4024: 'strcat': different types for formal and actual parameter 1
C:\Users\Chris2\GoogleDrive\Sikraken\Parser\decl_functions.h(799,49): warning C4267: '=': conversion from 'size_t' to 'int', possible loss of data
C:\Users\Chris2\GoogleDrive\Sikraken\Parser\decl_functions.h(805,23): warning C4047: 'function': 'char *' differs in levels of indirection from 'char *[10000]'
C:\Users\Chris2\GoogleDrive\Sikraken\Parser\decl_functions.h(805,13): warning C4024: 'strcat': different types for formal and actual parameter 1
C:\Users\Chris2\GoogleDrive\Sikraken\Parser\decl_functions.h(806,23): warning C4047: 'function': 'char *' differs in levels of indirection from 'char *[10000]'
C:\Users\Chris2\GoogleDrive\Sikraken\Parser\decl_functions.h(806,13): warning C4024: 'strcat': different types for formal and actual parameter 1
C:\Users\Chris2\GoogleDrive\Sikraken\Parser\decl_functions.h(807,23): warning C4047: 'function': 'char *' differs in levels of indirection from 'char *[10000]'
C:\Users\Chris2\GoogleDrive\Sikraken\Parser\decl_functions.h(807,13): warning C4024: 'strcat': different types for formal and actual parameter 1
C:\Users\Chris2\GoogleDrive\Sikraken\Parser\decl_functions.h(808,23): warning C4047: 'function': 'char *' differs in levels of indirection from 'char *[10000]'
C:\Users\Chris2\GoogleDrive\Sikraken\Parser\decl_functions.h(808,13): warning C4024: 'strcat': different types for formal and actual parameter 1
C:\Users\Chris2\GoogleDrive\Sikraken\Parser\decl_functions.h(816,24): warning C4047: 'function': 'char *' differs in levels of indirection from 'char *[10000]'
C:\Users\Chris2\GoogleDrive\Sikraken\Parser\decl_functions.h(816,14): warning C4024: 'strcat': different types for formal and actual parameter 1
C:\Users\Chris2\GoogleDrive\Sikraken\Parser\decl_functions.h(817,24): warning C4047: 'function': 'char *' differs in levels of indirection from 'char *[10000]'
C:\Users\Chris2\GoogleDrive\Sikraken\Parser\decl_functions.h(817,14): warning C4024: 'strcat': different types for formal and actual parameter 1
C:\Users\Chris2\GoogleDrive\Sikraken\Parser\decl_functions.h(818,24): warning C4047: 'function': 'char *' differs in levels of indirection from 'char *[10000]'
C:\Users\Chris2\GoogleDrive\Sikraken\Parser\decl_functions.h(818,14): warning C4024: 'strcat': different types for formal and actual parameter 1
C:\Users\Chris2\GoogleDrive\Sikraken\Parser\decl_functions.h(819,24): warning C4047: 'function': 'char *' differs in levels of indirection from 'char *[10000]'
C:\Users\Chris2\GoogleDrive\Sikraken\Parser\decl_functions.h(819,14): warning C4024: 'strcat': different types for formal and actual parameter 1
C:\Users\Chris2\GoogleDrive\Sikraken\Parser\decl_functions.h(823,24): warning C4047: 'function': 'char *' differs in levels of indirection from 'char *[10000]'
C:\Users\Chris2\GoogleDrive\Sikraken\Parser\decl_functions.h(823,14): warning C4024: 'strcat': different types for formal and actual parameter 1
C:\Users\Chris2\GoogleDrive\Sikraken\Parser\decl_functions.h(824,24): warning C4047: 'function': 'char *' differs in levels of indirection from 'char *[10000]'
C:\Users\Chris2\GoogleDrive\Sikraken\Parser\decl_functions.h(824,14): warning C4024: 'strcat': different types for formal and actual parameter 1
C:\Users\Chris2\GoogleDrive\Sikraken\Parser\decl_functions.h(825,24): warning C4047: 'function': 'char *' differs in levels of indirection from 'char *[10000]'
C:\Users\Chris2\GoogleDrive\Sikraken\Parser\decl_functions.h(825,14): warning C4024: 'strcat': different types for formal and actual parameter 1
C:\Users\Chris2\GoogleDrive\Sikraken\Parser\decl_functions.h(826,24): warning C4047: 'function': 'char *' differs in levels of indirection from 'char *[10000]'
C:\Users\Chris2\GoogleDrive\Sikraken\Parser\decl_functions.h(826,14): warning C4024: 'strcat': different types for formal and actual parameter 1
C:\Users\Chris2\GoogleDrive\Sikraken\Parser\decl_functions.h(828,23): warning C4047: 'function': 'char *' differs in levels of indirection from 'char *[10000]'
C:\Users\Chris2\GoogleDrive\Sikraken\Parser\decl_functions.h(828,13): warning C4024: 'strcat': different types for formal and actual parameter 1
C:\Users\Chris2\GoogleDrive\Sikraken\Parser\decl_functions.h(829,23): warning C4047: 'function': 'char *' differs in levels of indirection from 'char *[10000]'
C:\Users\Chris2\GoogleDrive\Sikraken\Parser\decl_functions.h(829,13): warning C4024: 'strcat': different types for formal and actual parameter 1
C:\Users\Chris2\GoogleDrive\Sikraken\Parser\decl_functions.h(835,24): warning C4047: 'function': 'char *' differs in levels of indirection from 'char *[10000]'
C:\Users\Chris2\GoogleDrive\Sikraken\Parser\decl_functions.h(835,14): warning C4024: 'strcat': different types for formal and actual parameter 1
C:\Users\Chris2\GoogleDrive\Sikraken\Parser\decl_functions.h(837,24): warning C4047: 'function': 'char *' differs in levels of indirection from 'char *[10000]'
C:\Users\Chris2\GoogleDrive\Sikraken\Parser\decl_functions.h(837,14): warning C4024: 'strcat': different types for formal and actual parameter 1
C:\Users\Chris2\GoogleDrive\Sikraken\Parser\decl_functions.h(838,23): warning C4047: 'function': 'char *' differs in levels of indirection from 'char *[10000]'
C:\Users\Chris2\GoogleDrive\Sikraken\Parser\decl_functions.h(838,13): warning C4024: 'strcat': different types for formal and actual parameter 1
C:\Users\Chris2\GoogleDrive\Sikraken\Parser\decl_functions.h(839,23): warning C4047: 'function': 'char *' differs in levels of indirection from 'char *[10000]'
C:\Users\Chris2\GoogleDrive\Sikraken\Parser\decl_functions.h(839,13): warning C4024: 'strcat': different types for formal and actual parameter 1
C:\Users\Chris2\GoogleDrive\Sikraken\Parser\decl_functions.h(840,23): warning C4047: 'function': 'char *' differs in levels of indirection from 'char *[10000]'
C:\Users\Chris2\GoogleDrive\Sikraken\Parser\decl_functions.h(840,13): warning C4024: 'strcat': different types for formal and actual parameter 1
C:\Users\Chris2\GoogleDrive\Sikraken\Parser\decl_functions.h(841,23): warning C4047: 'function': 'char *' differs in levels of indirection from 'char *[10000]'
C:\Users\Chris2\GoogleDrive\Sikraken\Parser\decl_functions.h(841,13): warning C4024: 'strcat': different types for formal and actual parameter 1
C:\Users\Chris2\GoogleDrive\Sikraken\Parser\decl_functions.h(842,23): warning C4047: 'function': 'char *' differs in levels of indirection from 'char *[10000]'
C:\Users\Chris2\GoogleDrive\Sikraken\Parser\decl_functions.h(842,13): warning C4024: 'strcat': different types for formal and actual parameter 1
C:\Users\Chris2\GoogleDrive\Sikraken\Parser\decl_functions.h(847,23): warning C4047: 'function': 'char *' differs in levels of indirection from 'char *[10000]'
C:\Users\Chris2\GoogleDrive\Sikraken\Parser\decl_functions.h(847,13): warning C4024: 'strcat': different types for formal and actual parameter 1
C:\Users\Chris2\GoogleDrive\Sikraken\Parser\decl_functions.h(848,23): warning C4047: 'function': 'char *' differs in levels of indirection from 'char *[10000]'
C:\Users\Chris2\GoogleDrive\Sikraken\Parser\decl_functions.h(848,13): warning C4024: 'strcat': different types for formal and actual parameter 1
C:\Users\Chris2\GoogleDrive\Sikraken\Parser\decl_functions.h(849,23): warning C4047: 'function': 'char *' differs in levels of indirection from 'char *[10000]'
C:\Users\Chris2\GoogleDrive\Sikraken\Parser\decl_functions.h(849,13): warning C4024: 'strcat': different types for formal and actual parameter 1
C:\Users\Chris2\GoogleDrive\Sikraken\Parser\decl_functions.h(850,23): warning C4047: 'function': 'char *' differs in levels of indirection from 'char *[10000]'
C:\Users\Chris2\GoogleDrive\Sikraken\Parser\decl_functions.h(850,13): warning C4024: 'strcat': different types for formal and actual parameter 1
C:\Users\Chris2\GoogleDrive\Sikraken\Parser\decl_functions.h(851,23): warning C4047: 'function': 'char *' differs in levels of indirection from 'char *[10000]'
C:\Users\Chris2\GoogleDrive\Sikraken\Parser\decl_functions.h(851,13): warning C4024: 'strcat': different types for formal and actual parameter 1
C:\Users\Chris2\GoogleDrive\Sikraken\Parser\decl_functions.h(853,23): warning C4047: 'function': 'char *' differs in levels of indirection from 'char *[10000]'
C:\Users\Chris2\GoogleDrive\Sikraken\Parser\decl_functions.h(853,13): warning C4024: 'strcat': different types for formal and actual parameter 1
C:\Users\Chris2\GoogleDrive\Sikraken\Parser\decl_functions.h(854,23): warning C4047: 'function': 'char *' differs in levels of indirection from 'char *[10000]'
C:\Users\Chris2\GoogleDrive\Sikraken\Parser\decl_functions.h(854,13): warning C4024: 'strcat': different types for formal and actual parameter 1
C:\Users\Chris2\GoogleDrive\Sikraken\Parser\decl_functions.h(862,51): warning C4047: 'function': 'const char *' differs in levels of indirection from 'char *[10000]'
C:\Users\Chris2\GoogleDrive\Sikraken\Parser\decl_functions.h(862,41): warning C4024: 'strlen': different types for formal and actual parameter 1
C:\Users\Chris2\GoogleDrive\Sikraken\Parser\decl_functions.h(863,30): warning C4047: 'function': 'const char *' differs in levels of indirection from 'char *[10000]'
C:\Users\Chris2\GoogleDrive\Sikraken\Parser\decl_functions.h(863,20): warning C4024: 'strcpy': different types for formal and actual parameter 2
C:\Users\Chris2\GoogleDrive\Sikraken\Parser\decl_functions.h(884,60): warning C4267: 'function': conversion from 'size_t' to 'int', possible loss of data
C:\Users\Chris2\GoogleDrive\Sikraken\Parser\decl_functions.h(1088,53): warning C4267: 'initializing': conversion from 'size_t' to 'int', possible loss of data
C:\Users\Chris2\GoogleDrive\Sikraken\Parser\decl_functions.h(1094,53): warning C4267: 'initializing': conversion from 'size_t' to 'int', possible loss of data
C:\Users\Chris2\GoogleDrive\Sikraken\Parser\decl_functions.h(1114,28): warning C4267: 'initializing': conversion from 'size_t' to 'int', possible loss of data
C:\Users\Chris2\GoogleDrive\Sikraken\Parser\decl_functions.h(1177,36): warning C4267: '=': conversion from 'size_t' to 'int', possible loss of data
C:\Users\Chris2\GoogleDrive\Sikraken\Parser\if_functions.h(97,32): warning C4267: '=': conversion from 'size_t' to 'int', possible loss of data
C:\Users\Chris2\GoogleDrive\Sikraken\Parser\if_functions.h(163,32): warning C4267: '=': conversion from 'size_t' to 'int', possible loss of data
C:\Users\Chris2\GoogleDrive\Sikraken\Parser\if_functions.h(171,36): warning C4267: '=': conversion from 'size_t' to 'int', possible loss of data
C:\Users\Chris2\GoogleDrive\Sikraken\Parser\iteration_functions.h(73,32): warning C4267: '=': conversion from 'size_t' to 'int', possible loss of data
C:\Users\Chris2\GoogleDrive\Sikraken\Parser\iteration_functions.h(131,32): warning C4267: '=': conversion from 'size_t' to 'int', possible loss of data
C:\Users\Chris2\GoogleDrive\Sikraken\Parser\iteration_functions.h(199,32): warning C4267: '=': conversion from 'size_t' to 'int', possible loss of data
C:\Users\Chris2\GoogleDrive\Sikraken\Parser\iteration_functions.h(258,32): warning C4267: '=': conversion from 'size_t' to 'int', possible loss of data
C:\Users\Chris2\GoogleDrive\Sikraken\Parser\structures.h(150,37): warning C4267: '=': conversion from 'size_t' to 'unsigned int', possible loss of data
C:\Users\Chris2\GoogleDrive\Sikraken\Parser\structures.h(178,35): warning C4267: '=': conversion from 'size_t' to 'unsigned int', possible loss of data
C:\Users\Chris2\GoogleDrive\Sikraken\Parser\structures.h(221,48): warning C4267: 'function': conversion from 'size_t' to 'int', possible loss of data
C:\Users\Chris2\GoogleDrive\Sikraken\Parser\structures.h(297,37): warning C4267: '=': conversion from 'size_t' to 'int', possible loss of data
C:\Users\Chris2\GoogleDrive\Sikraken\Parser\conversion_functions.h(208,25): warning C4267: '=': conversion from 'size_t' to 'int', possible loss of data
C:\Users\Chris2\GoogleDrive\Sikraken\Parser\conversion_functions.h(223,14): warning C4267: '=': conversion from 'size_t' to 'int', possible loss of data
grammar.tab.c(2251,16): warning C4013: 'yylex' undefined; assuming extern returning int
grammar.y(260,51): warning C4267: 'function': conversion from 'size_t' to 'int', possible loss of data
grammar.y(281,73): warning C4267: 'function': conversion from 'size_t' to 'int', possible loss of data
grammar.y(958,31): warning C4267: '=': conversion from 'size_t' to 'int', possible loss of data
grammar.tab.c(2170,41): warning C4244: 'initializing': conversion from '__int64' to 'long', possible loss of data
grammar.y(1949,37): warning C4267: 'initializing': conversion from 'size_t' to 'int', possible loss of data
grammar.y(2377,34): warning C4267: 'initializing': conversion from 'size_t' to 'int', possible loss of data
grammar.y(2398,34): warning C4267: 'initializing': conversion from 'size_t' to 'int', possible loss of data
grammar.y(2578,37): warning C4267: 'initializing': conversion from 'size_t' to 'int', possible loss of data
C:\Users\Chris2\GoogleDrive\Sikraken\Parser\Parser_Functions.h(77,23): warning C4133: 'function': incompatible types - from 'stat *' to '_stat64i32 *'
  SikrakenParser.vcxproj -> C:\Users\Chris2\GoogleDrive\Sikraken\bin\sikraken_parser.exe
