  Generate lexer and parser afresh everytime
C_grammar.y : warning : 12 shift/reduce conflicts [-Wconflicts-sr]
C_grammar.y : warning : 4 reduce/reduce conflicts [-Wconflicts-rr]
  C_grammar.y: note: rerun with option '-Wcounterexamples' to generate conflict counterexamples
  Parser.c
  Note: including file: C:\Program Files (x86)\Windows Kits\10\Include\10.0.22621.0\ucrt\io.h
  Note: including file:  C:\Program Files (x86)\Windows Kits\10\Include\10.0.22621.0\ucrt\corecrt_io.h
  Note: including file:   C:\Program Files (x86)\Windows Kits\10\Include\10.0.22621.0\ucrt\corecrt_share.h
  Note: including file:    C:\Program Files (x86)\Windows Kits\10\Include\10.0.22621.0\ucrt\corecrt.h
  Note: including file:     C:\Program Files\Microsoft Visual Studio\2022\Community\VC\Tools\MSVC\14.40.33807\include\vcruntime.h
  Note: including file:      C:\Program Files\Microsoft Visual Studio\2022\Community\VC\Tools\MSVC\14.40.33807\include\sal.h
  Note: including file:       C:\Program Files\Microsoft Visual Studio\2022\Community\VC\Tools\MSVC\14.40.33807\include\concurrencysal.h
  Note: including file:      C:\Program Files\Microsoft Visual Studio\2022\Community\VC\Tools\MSVC\14.40.33807\include\vadefs.h
  Note: including file:   C:\Program Files (x86)\Windows Kits\10\Include\10.0.22621.0\ucrt\corecrt_wio.h
  Note: including file: C:\Users\Chris2\GoogleDrive\Sikraken\Parser\Parser_Functions.h
  Note: including file:  C:\Program Files (x86)\Windows Kits\10\Include\10.0.22621.0\ucrt\stdio.h
  Note: including file:   C:\Program Files (x86)\Windows Kits\10\Include\10.0.22621.0\ucrt\corecrt_wstdio.h
  Note: including file:    C:\Program Files (x86)\Windows Kits\10\Include\10.0.22621.0\ucrt\corecrt_stdio_config.h
  Note: including file:  C:\Program Files (x86)\Windows Kits\10\Include\10.0.22621.0\ucrt\string.h
  Note: including file:   C:\Program Files (x86)\Windows Kits\10\Include\10.0.22621.0\ucrt\corecrt_memory.h
  Note: including file:    C:\Program Files (x86)\Windows Kits\10\Include\10.0.22621.0\ucrt\corecrt_memcpy_s.h
  Note: including file:     C:\Program Files (x86)\Windows Kits\10\Include\10.0.22621.0\ucrt\errno.h
  Note: including file:     C:\Program Files\Microsoft Visual Studio\2022\Community\VC\Tools\MSVC\14.40.33807\include\vcruntime_string.h
  Note: including file:   C:\Program Files (x86)\Windows Kits\10\Include\10.0.22621.0\ucrt\corecrt_wstring.h
  Note: including file:  C:\Program Files (x86)\Windows Kits\10\Include\10.0.22621.0\ucrt\conio.h
  Note: including file:   C:\Program Files (x86)\Windows Kits\10\Include\10.0.22621.0\ucrt\corecrt_wconio.h
  Note: including file:  C:\Users\Chris2\GoogleDrive\Sikraken\Parser\C_grammar.tab.c
  Note: including file:   C:\Users\Chris2\GoogleDrive\Sikraken\Parser\definitions.h
  Note: including file:    C:\Program Files (x86)\Windows Kits\10\Include\10.0.22621.0\ucrt\ctype.h
  Note: including file:     C:\Program Files (x86)\Windows Kits\10\Include\10.0.22621.0\ucrt\corecrt_wctype.h
  Note: including file:    C:\Program Files (x86)\Windows Kits\10\Include\10.0.22621.0\ucrt\stdlib.h
  Note: including file:     C:\Program Files (x86)\Windows Kits\10\Include\10.0.22621.0\ucrt\corecrt_malloc.h
  Note: including file:     C:\Program Files (x86)\Windows Kits\10\Include\10.0.22621.0\ucrt\corecrt_search.h
  Note: including file:      C:\Program Files (x86)\Windows Kits\10\Include\10.0.22621.0\ucrt\stddef.h
  Note: including file:     C:\Program Files (x86)\Windows Kits\10\Include\10.0.22621.0\ucrt\corecrt_wstdlib.h
  Note: including file:     C:\Program Files\Microsoft Visual Studio\2022\Community\VC\Tools\MSVC\14.40.33807\include\limits.h
  Note: including file:    C:\Program Files (x86)\Windows Kits\10\Include\10.0.22621.0\ucrt\math.h
  Note: including file:     C:\Program Files (x86)\Windows Kits\10\Include\10.0.22621.0\ucrt\corecrt_math.h
  Note: including file:   C:\Users\Chris2\GoogleDrive\Sikraken\Parser\string_functions.h
  Note: including file:   C:\Users\Chris2\GoogleDrive\Sikraken\Parser\linkedlists.h
  Note: including file:    C:\Program Files\Microsoft Visual Studio\2022\Community\VC\Tools\MSVC\14.40.33807\include\stdarg.h
  Note: including file:   C:\Users\Chris2\GoogleDrive\Sikraken\Parser\parameters.h
  Note: including file:   C:\Users\Chris2\GoogleDrive\Sikraken\Parser\scopes.h
  Note: including file:   C:\Users\Chris2\GoogleDrive\Sikraken\Parser\ascii_functions.h
  Note: including file:   C:\Users\Chris2\GoogleDrive\Sikraken\Parser\switch_functions.h
  Note: including file:   C:\Users\Chris2\GoogleDrive\Sikraken\Parser\typedef_functions.h
  Note: including file:   C:\Users\Chris2\GoogleDrive\Sikraken\Parser\enum_functions.h
  Note: including file:   C:\Users\Chris2\GoogleDrive\Sikraken\Parser\output_functions.h
  Note: including file:   C:\Users\Chris2\GoogleDrive\Sikraken\Parser\array_functions.h
  Note: including file:   C:\Users\Chris2\GoogleDrive\Sikraken\Parser\decl_functions.h
  Note: including file:   C:\Users\Chris2\GoogleDrive\Sikraken\Parser\if_functions.h
  Note: including file:   C:\Users\Chris2\GoogleDrive\Sikraken\Parser\iteration_functions.h
  Note: including file:   C:\Users\Chris2\GoogleDrive\Sikraken\Parser\structures.h
  Note: including file:   C:\Users\Chris2\GoogleDrive\Sikraken\Parser\conversion_functions.h
  Note: including file:   C:\Users\Chris2\GoogleDrive\Sikraken\Parser\C_grammar.tab.h
  Note: including file:   C:\Users\Chris2\GoogleDrive\Sikraken\Parser\lex.yy.c
C:\Users\Chris2\GoogleDrive\Sikraken\Parser\string_functions.h(30,63): warning C4267: 'function': conversion from 'size_t' to 'int', possible loss of data
C:\Users\Chris2\GoogleDrive\Sikraken\Parser\string_functions.h(155,46): warning C4267: 'function': conversion from 'size_t' to 'int', possible loss of data
C:\Users\Chris2\GoogleDrive\Sikraken\Parser\switch_functions.h(88,29): warning C4267: 'initializing': conversion from 'size_t' to 'int', possible loss of data
C:\Users\Chris2\GoogleDrive\Sikraken\Parser\switch_functions.h(188,35): warning C4267: '=': conversion from 'size_t' to 'int', possible loss of data
C:\Users\Chris2\GoogleDrive\Sikraken\Parser\switch_functions.h(193,32): warning C4267: '=': conversion from 'size_t' to 'int', possible loss of data
C:\Users\Chris2\GoogleDrive\Sikraken\Parser\switch_functions.h(267,79): warning C4267: 'function': conversion from 'size_t' to 'int', possible loss of data
C:\Users\Chris2\GoogleDrive\Sikraken\Parser\switch_functions.h(329,110): warning C4267: 'function': conversion from 'size_t' to 'int', possible loss of data
C:\Users\Chris2\GoogleDrive\Sikraken\Parser\switch_functions.h(336,77): warning C4267: 'function': conversion from 'size_t' to 'int', possible loss of data
C:\Users\Chris2\GoogleDrive\Sikraken\Parser\switch_functions.h(341,79): warning C4267: 'function': conversion from 'size_t' to 'int', possible loss of data
C:\Users\Chris2\GoogleDrive\Sikraken\Parser\switch_functions.h(367,77): warning C4267: 'function': conversion from 'size_t' to 'int', possible loss of data
C:\Users\Chris2\GoogleDrive\Sikraken\Parser\switch_functions.h(368,35): warning C4267: 'function': conversion from 'size_t' to 'int', possible loss of data
C:\Users\Chris2\GoogleDrive\Sikraken\Parser\switch_functions.h(420,29): warning C4267: 'initializing': conversion from 'size_t' to 'int', possible loss of data
C:\Users\Chris2\GoogleDrive\Sikraken\Parser\switch_functions.h(473,29): warning C4267: 'initializing': conversion from 'size_t' to 'int', possible loss of data
C:\Users\Chris2\GoogleDrive\Sikraken\Parser\typedef_functions.h(147,51): warning C4267: 'function': conversion from 'size_t' to 'int', possible loss of data
C:\Users\Chris2\GoogleDrive\Sikraken\Parser\array_functions.h(74,69): warning C4267: '=': conversion from 'size_t' to 'int', possible loss of data
C:\Users\Chris2\GoogleDrive\Sikraken\Parser\array_functions.h(82,66): warning C4267: '=': conversion from 'size_t' to 'int', possible loss of data
C:\Users\Chris2\GoogleDrive\Sikraken\Parser\array_functions.h(54,8): warning C4101: 'arrayname': unreferenced local variable
C:\Users\Chris2\GoogleDrive\Sikraken\Parser\array_functions.h(55,8): warning C4101: 'dimension': unreferenced local variable
C:\Users\Chris2\GoogleDrive\Sikraken\Parser\array_functions.h(276,53): warning C4267: 'function': conversion from 'size_t' to 'int', possible loss of data
C:\Users\Chris2\GoogleDrive\Sikraken\Parser\array_functions.h(377,60): warning C4267: 'function': conversion from 'size_t' to 'int', possible loss of data
C:\Users\Chris2\GoogleDrive\Sikraken\Parser\array_functions.h(439,57): warning C4267: 'function': conversion from 'size_t' to 'int', possible loss of data
C:\Users\Chris2\GoogleDrive\Sikraken\Parser\array_functions.h(534,59): warning C4267: 'function': conversion from 'size_t' to 'int', possible loss of data
C:\Users\Chris2\GoogleDrive\Sikraken\Parser\array_functions.h(573,47): warning C4267: 'function': conversion from 'size_t' to 'int', possible loss of data
C:\Users\Chris2\GoogleDrive\Sikraken\Parser\decl_functions.h(764,9): warning C4047: 'function': 'char *' differs in levels of indirection from 'char *[10000]'
C:\Users\Chris2\GoogleDrive\Sikraken\Parser\decl_functions.h(764,9): warning C4024: 'strcpy': different types for formal and actual parameter 1
C:\Users\Chris2\GoogleDrive\Sikraken\Parser\decl_functions.h(764,38): warning C4047: 'function': 'char *' differs in levels of indirection from 'char *[10000]'
C:\Users\Chris2\GoogleDrive\Sikraken\Parser\decl_functions.h(764,38): warning C4024: 'initialisestring': different types for formal and actual parameter 1
C:\Users\Chris2\GoogleDrive\Sikraken\Parser\decl_functions.h(766,30): warning C4267: '=': conversion from 'size_t' to 'int', possible loss of data
C:\Users\Chris2\GoogleDrive\Sikraken\Parser\decl_functions.h(780,13): warning C4047: 'function': 'char *' differs in levels of indirection from 'char *[10000]'
C:\Users\Chris2\GoogleDrive\Sikraken\Parser\decl_functions.h(780,13): warning C4024: 'strcat': different types for formal and actual parameter 1
C:\Users\Chris2\GoogleDrive\Sikraken\Parser\decl_functions.h(781,13): warning C4047: 'function': 'char *' differs in levels of indirection from 'char *[10000]'
C:\Users\Chris2\GoogleDrive\Sikraken\Parser\decl_functions.h(781,13): warning C4024: 'strcat': different types for formal and actual parameter 1
C:\Users\Chris2\GoogleDrive\Sikraken\Parser\decl_functions.h(782,13): warning C4047: 'function': 'char *' differs in levels of indirection from 'char *[10000]'
C:\Users\Chris2\GoogleDrive\Sikraken\Parser\decl_functions.h(782,13): warning C4024: 'strcat': different types for formal and actual parameter 1
C:\Users\Chris2\GoogleDrive\Sikraken\Parser\decl_functions.h(783,13): warning C4047: 'function': 'char *' differs in levels of indirection from 'char *[10000]'
C:\Users\Chris2\GoogleDrive\Sikraken\Parser\decl_functions.h(783,13): warning C4024: 'strcat': different types for formal and actual parameter 1
C:\Users\Chris2\GoogleDrive\Sikraken\Parser\decl_functions.h(784,13): warning C4047: 'function': 'char *' differs in levels of indirection from 'char *[10000]'
C:\Users\Chris2\GoogleDrive\Sikraken\Parser\decl_functions.h(784,13): warning C4024: 'strcat': different types for formal and actual parameter 1
C:\Users\Chris2\GoogleDrive\Sikraken\Parser\decl_functions.h(789,13): warning C4047: 'function': 'char *' differs in levels of indirection from 'char *[10000]'
C:\Users\Chris2\GoogleDrive\Sikraken\Parser\decl_functions.h(789,13): warning C4024: 'strcat': different types for formal and actual parameter 1
C:\Users\Chris2\GoogleDrive\Sikraken\Parser\decl_functions.h(790,13): warning C4047: 'function': 'char *' differs in levels of indirection from 'char *[10000]'
C:\Users\Chris2\GoogleDrive\Sikraken\Parser\decl_functions.h(790,13): warning C4024: 'strcat': different types for formal and actual parameter 1
C:\Users\Chris2\GoogleDrive\Sikraken\Parser\decl_functions.h(792,14): warning C4047: 'function': 'char *' differs in levels of indirection from 'char *[10000]'
C:\Users\Chris2\GoogleDrive\Sikraken\Parser\decl_functions.h(792,14): warning C4024: 'strcat': different types for formal and actual parameter 1
C:\Users\Chris2\GoogleDrive\Sikraken\Parser\decl_functions.h(794,14): warning C4047: 'function': 'char *' differs in levels of indirection from 'char *[10000]'
C:\Users\Chris2\GoogleDrive\Sikraken\Parser\decl_functions.h(794,14): warning C4024: 'strcat': different types for formal and actual parameter 1
C:\Users\Chris2\GoogleDrive\Sikraken\Parser\decl_functions.h(795,13): warning C4047: 'function': 'char *' differs in levels of indirection from 'char *[10000]'
C:\Users\Chris2\GoogleDrive\Sikraken\Parser\decl_functions.h(795,13): warning C4024: 'strcat': different types for formal and actual parameter 1
C:\Users\Chris2\GoogleDrive\Sikraken\Parser\decl_functions.h(796,13): warning C4047: 'function': 'char *' differs in levels of indirection from 'char *[10000]'
C:\Users\Chris2\GoogleDrive\Sikraken\Parser\decl_functions.h(796,13): warning C4024: 'strcat': different types for formal and actual parameter 1
C:\Users\Chris2\GoogleDrive\Sikraken\Parser\decl_functions.h(797,13): warning C4047: 'function': 'char *' differs in levels of indirection from 'char *[10000]'
C:\Users\Chris2\GoogleDrive\Sikraken\Parser\decl_functions.h(797,13): warning C4024: 'strcat': different types for formal and actual parameter 1
C:\Users\Chris2\GoogleDrive\Sikraken\Parser\decl_functions.h(799,13): warning C4047: 'function': 'char *' differs in levels of indirection from 'char *[10000]'
C:\Users\Chris2\GoogleDrive\Sikraken\Parser\decl_functions.h(799,13): warning C4024: 'strcat': different types for formal and actual parameter 1
C:\Users\Chris2\GoogleDrive\Sikraken\Parser\decl_functions.h(800,13): warning C4047: 'function': 'char *' differs in levels of indirection from 'char *[10000]'
C:\Users\Chris2\GoogleDrive\Sikraken\Parser\decl_functions.h(800,13): warning C4024: 'strcat': different types for formal and actual parameter 1
C:\Users\Chris2\GoogleDrive\Sikraken\Parser\decl_functions.h(805,12): warning C4047: 'function': 'char *' differs in levels of indirection from 'char *[10000]'
C:\Users\Chris2\GoogleDrive\Sikraken\Parser\decl_functions.h(805,12): warning C4024: 'strcat': different types for formal and actual parameter 1
C:\Users\Chris2\GoogleDrive\Sikraken\Parser\decl_functions.h(806,12): warning C4047: 'function': 'char *' differs in levels of indirection from 'char *[10000]'
C:\Users\Chris2\GoogleDrive\Sikraken\Parser\decl_functions.h(806,12): warning C4024: 'strcat': different types for formal and actual parameter 1
C:\Users\Chris2\GoogleDrive\Sikraken\Parser\decl_functions.h(807,12): warning C4047: 'function': 'char *' differs in levels of indirection from 'char *[10000]'
C:\Users\Chris2\GoogleDrive\Sikraken\Parser\decl_functions.h(807,12): warning C4024: 'strcat': different types for formal and actual parameter 1
C:\Users\Chris2\GoogleDrive\Sikraken\Parser\decl_functions.h(808,12): warning C4047: 'function': 'char *' differs in levels of indirection from 'char *[10000]'
C:\Users\Chris2\GoogleDrive\Sikraken\Parser\decl_functions.h(808,12): warning C4024: 'strcat': different types for formal and actual parameter 1
C:\Users\Chris2\GoogleDrive\Sikraken\Parser\decl_functions.h(809,12): warning C4047: 'function': 'char *' differs in levels of indirection from 'char *[10000]'
C:\Users\Chris2\GoogleDrive\Sikraken\Parser\decl_functions.h(809,12): warning C4024: 'strcat': different types for formal and actual parameter 1
C:\Users\Chris2\GoogleDrive\Sikraken\Parser\decl_functions.h(810,12): warning C4047: 'function': 'char *' differs in levels of indirection from 'char *[10000]'
C:\Users\Chris2\GoogleDrive\Sikraken\Parser\decl_functions.h(810,12): warning C4024: 'strcat': different types for formal and actual parameter 1
C:\Users\Chris2\GoogleDrive\Sikraken\Parser\decl_functions.h(813,12): warning C4047: 'function': 'char *' differs in levels of indirection from 'char *[10000]'
C:\Users\Chris2\GoogleDrive\Sikraken\Parser\decl_functions.h(813,12): warning C4024: 'strcat': different types for formal and actual parameter 1
C:\Users\Chris2\GoogleDrive\Sikraken\Parser\decl_functions.h(814,12): warning C4047: 'function': 'char *' differs in levels of indirection from 'char *[10000]'
C:\Users\Chris2\GoogleDrive\Sikraken\Parser\decl_functions.h(814,12): warning C4024: 'strcat': different types for formal and actual parameter 1
C:\Users\Chris2\GoogleDrive\Sikraken\Parser\decl_functions.h(815,12): warning C4047: 'function': 'char *' differs in levels of indirection from 'char *[10000]'
C:\Users\Chris2\GoogleDrive\Sikraken\Parser\decl_functions.h(815,12): warning C4024: 'strcat': different types for formal and actual parameter 1
C:\Users\Chris2\GoogleDrive\Sikraken\Parser\decl_functions.h(816,12): warning C4047: 'function': 'char *' differs in levels of indirection from 'char *[10000]'
C:\Users\Chris2\GoogleDrive\Sikraken\Parser\decl_functions.h(816,12): warning C4024: 'strcat': different types for formal and actual parameter 1
C:\Users\Chris2\GoogleDrive\Sikraken\Parser\decl_functions.h(817,12): warning C4047: 'function': 'char *' differs in levels of indirection from 'char *[10000]'
C:\Users\Chris2\GoogleDrive\Sikraken\Parser\decl_functions.h(817,12): warning C4024: 'strcat': different types for formal and actual parameter 1
C:\Users\Chris2\GoogleDrive\Sikraken\Parser\decl_functions.h(818,12): warning C4047: 'function': 'char *' differs in levels of indirection from 'char *[10000]'
C:\Users\Chris2\GoogleDrive\Sikraken\Parser\decl_functions.h(818,12): warning C4024: 'strcat': different types for formal and actual parameter 1
C:\Users\Chris2\GoogleDrive\Sikraken\Parser\decl_functions.h(824,49): warning C4267: '=': conversion from 'size_t' to 'int', possible loss of data
C:\Users\Chris2\GoogleDrive\Sikraken\Parser\decl_functions.h(830,13): warning C4047: 'function': 'char *' differs in levels of indirection from 'char *[10000]'
C:\Users\Chris2\GoogleDrive\Sikraken\Parser\decl_functions.h(830,13): warning C4024: 'strcat': different types for formal and actual parameter 1
C:\Users\Chris2\GoogleDrive\Sikraken\Parser\decl_functions.h(831,13): warning C4047: 'function': 'char *' differs in levels of indirection from 'char *[10000]'
C:\Users\Chris2\GoogleDrive\Sikraken\Parser\decl_functions.h(831,13): warning C4024: 'strcat': different types for formal and actual parameter 1
C:\Users\Chris2\GoogleDrive\Sikraken\Parser\decl_functions.h(832,13): warning C4047: 'function': 'char *' differs in levels of indirection from 'char *[10000]'
C:\Users\Chris2\GoogleDrive\Sikraken\Parser\decl_functions.h(832,13): warning C4024: 'strcat': different types for formal and actual parameter 1
C:\Users\Chris2\GoogleDrive\Sikraken\Parser\decl_functions.h(833,13): warning C4047: 'function': 'char *' differs in levels of indirection from 'char *[10000]'
C:\Users\Chris2\GoogleDrive\Sikraken\Parser\decl_functions.h(833,13): warning C4024: 'strcat': different types for formal and actual parameter 1
C:\Users\Chris2\GoogleDrive\Sikraken\Parser\decl_functions.h(837,14): warning C4047: 'function': 'char *' differs in levels of indirection from 'char *[10000]'
C:\Users\Chris2\GoogleDrive\Sikraken\Parser\decl_functions.h(837,14): warning C4024: 'strcat': different types for formal and actual parameter 1
C:\Users\Chris2\GoogleDrive\Sikraken\Parser\decl_functions.h(838,14): warning C4047: 'function': 'char *' differs in levels of indirection from 'char *[10000]'
C:\Users\Chris2\GoogleDrive\Sikraken\Parser\decl_functions.h(838,14): warning C4024: 'strcat': different types for formal and actual parameter 1
C:\Users\Chris2\GoogleDrive\Sikraken\Parser\decl_functions.h(839,14): warning C4047: 'function': 'char *' differs in levels of indirection from 'char *[10000]'
C:\Users\Chris2\GoogleDrive\Sikraken\Parser\decl_functions.h(839,14): warning C4024: 'strcat': different types for formal and actual parameter 1
C:\Users\Chris2\GoogleDrive\Sikraken\Parser\decl_functions.h(840,14): warning C4047: 'function': 'char *' differs in levels of indirection from 'char *[10000]'
C:\Users\Chris2\GoogleDrive\Sikraken\Parser\decl_functions.h(840,14): warning C4024: 'strcat': different types for formal and actual parameter 1
C:\Users\Chris2\GoogleDrive\Sikraken\Parser\decl_functions.h(843,14): warning C4047: 'function': 'char *' differs in levels of indirection from 'char *[10000]'
C:\Users\Chris2\GoogleDrive\Sikraken\Parser\decl_functions.h(843,14): warning C4024: 'strcat': different types for formal and actual parameter 1
C:\Users\Chris2\GoogleDrive\Sikraken\Parser\decl_functions.h(844,14): warning C4047: 'function': 'char *' differs in levels of indirection from 'char *[10000]'
C:\Users\Chris2\GoogleDrive\Sikraken\Parser\decl_functions.h(844,14): warning C4024: 'strcat': different types for formal and actual parameter 1
C:\Users\Chris2\GoogleDrive\Sikraken\Parser\decl_functions.h(845,14): warning C4047: 'function': 'char *' differs in levels of indirection from 'char *[10000]'
C:\Users\Chris2\GoogleDrive\Sikraken\Parser\decl_functions.h(845,14): warning C4024: 'strcat': different types for formal and actual parameter 1
C:\Users\Chris2\GoogleDrive\Sikraken\Parser\decl_functions.h(846,14): warning C4047: 'function': 'char *' differs in levels of indirection from 'char *[10000]'
C:\Users\Chris2\GoogleDrive\Sikraken\Parser\decl_functions.h(846,14): warning C4024: 'strcat': different types for formal and actual parameter 1
C:\Users\Chris2\GoogleDrive\Sikraken\Parser\decl_functions.h(848,13): warning C4047: 'function': 'char *' differs in levels of indirection from 'char *[10000]'
C:\Users\Chris2\GoogleDrive\Sikraken\Parser\decl_functions.h(848,13): warning C4024: 'strcat': different types for formal and actual parameter 1
C:\Users\Chris2\GoogleDrive\Sikraken\Parser\decl_functions.h(849,13): warning C4047: 'function': 'char *' differs in levels of indirection from 'char *[10000]'
C:\Users\Chris2\GoogleDrive\Sikraken\Parser\decl_functions.h(849,13): warning C4024: 'strcat': different types for formal and actual parameter 1
C:\Users\Chris2\GoogleDrive\Sikraken\Parser\decl_functions.h(853,14): warning C4047: 'function': 'char *' differs in levels of indirection from 'char *[10000]'
C:\Users\Chris2\GoogleDrive\Sikraken\Parser\decl_functions.h(853,14): warning C4024: 'strcat': different types for formal and actual parameter 1
C:\Users\Chris2\GoogleDrive\Sikraken\Parser\decl_functions.h(855,14): warning C4047: 'function': 'char *' differs in levels of indirection from 'char *[10000]'
C:\Users\Chris2\GoogleDrive\Sikraken\Parser\decl_functions.h(855,14): warning C4024: 'strcat': different types for formal and actual parameter 1
C:\Users\Chris2\GoogleDrive\Sikraken\Parser\decl_functions.h(856,13): warning C4047: 'function': 'char *' differs in levels of indirection from 'char *[10000]'
C:\Users\Chris2\GoogleDrive\Sikraken\Parser\decl_functions.h(856,13): warning C4024: 'strcat': different types for formal and actual parameter 1
C:\Users\Chris2\GoogleDrive\Sikraken\Parser\decl_functions.h(857,13): warning C4047: 'function': 'char *' differs in levels of indirection from 'char *[10000]'
C:\Users\Chris2\GoogleDrive\Sikraken\Parser\decl_functions.h(857,13): warning C4024: 'strcat': different types for formal and actual parameter 1
C:\Users\Chris2\GoogleDrive\Sikraken\Parser\decl_functions.h(858,13): warning C4047: 'function': 'char *' differs in levels of indirection from 'char *[10000]'
C:\Users\Chris2\GoogleDrive\Sikraken\Parser\decl_functions.h(858,13): warning C4024: 'strcat': different types for formal and actual parameter 1
C:\Users\Chris2\GoogleDrive\Sikraken\Parser\decl_functions.h(859,13): warning C4047: 'function': 'char *' differs in levels of indirection from 'char *[10000]'
C:\Users\Chris2\GoogleDrive\Sikraken\Parser\decl_functions.h(859,13): warning C4024: 'strcat': different types for formal and actual parameter 1
C:\Users\Chris2\GoogleDrive\Sikraken\Parser\decl_functions.h(860,13): warning C4047: 'function': 'char *' differs in levels of indirection from 'char *[10000]'
C:\Users\Chris2\GoogleDrive\Sikraken\Parser\decl_functions.h(860,13): warning C4024: 'strcat': different types for formal and actual parameter 1
C:\Users\Chris2\GoogleDrive\Sikraken\Parser\decl_functions.h(863,13): warning C4047: 'function': 'char *' differs in levels of indirection from 'char *[10000]'
C:\Users\Chris2\GoogleDrive\Sikraken\Parser\decl_functions.h(863,13): warning C4024: 'strcat': different types for formal and actual parameter 1
C:\Users\Chris2\GoogleDrive\Sikraken\Parser\decl_functions.h(864,13): warning C4047: 'function': 'char *' differs in levels of indirection from 'char *[10000]'
C:\Users\Chris2\GoogleDrive\Sikraken\Parser\decl_functions.h(864,13): warning C4024: 'strcat': different types for formal and actual parameter 1
C:\Users\Chris2\GoogleDrive\Sikraken\Parser\decl_functions.h(865,13): warning C4047: 'function': 'char *' differs in levels of indirection from 'char *[10000]'
C:\Users\Chris2\GoogleDrive\Sikraken\Parser\decl_functions.h(865,13): warning C4024: 'strcat': different types for formal and actual parameter 1
C:\Users\Chris2\GoogleDrive\Sikraken\Parser\decl_functions.h(866,13): warning C4047: 'function': 'char *' differs in levels of indirection from 'char *[10000]'
C:\Users\Chris2\GoogleDrive\Sikraken\Parser\decl_functions.h(866,13): warning C4024: 'strcat': different types for formal and actual parameter 1
C:\Users\Chris2\GoogleDrive\Sikraken\Parser\decl_functions.h(867,13): warning C4047: 'function': 'char *' differs in levels of indirection from 'char *[10000]'
C:\Users\Chris2\GoogleDrive\Sikraken\Parser\decl_functions.h(867,13): warning C4024: 'strcat': different types for formal and actual parameter 1
C:\Users\Chris2\GoogleDrive\Sikraken\Parser\decl_functions.h(869,13): warning C4047: 'function': 'char *' differs in levels of indirection from 'char *[10000]'
C:\Users\Chris2\GoogleDrive\Sikraken\Parser\decl_functions.h(869,13): warning C4024: 'strcat': different types for formal and actual parameter 1
C:\Users\Chris2\GoogleDrive\Sikraken\Parser\decl_functions.h(870,13): warning C4047: 'function': 'char *' differs in levels of indirection from 'char *[10000]'
C:\Users\Chris2\GoogleDrive\Sikraken\Parser\decl_functions.h(870,13): warning C4024: 'strcat': different types for formal and actual parameter 1
C:\Users\Chris2\GoogleDrive\Sikraken\Parser\decl_functions.h(878,41): warning C4047: 'function': 'const char *' differs in levels of indirection from 'char *[10000]'
C:\Users\Chris2\GoogleDrive\Sikraken\Parser\decl_functions.h(878,41): warning C4024: 'strlen': different types for formal and actual parameter 1
C:\Users\Chris2\GoogleDrive\Sikraken\Parser\decl_functions.h(879,20): warning C4047: 'function': 'const char *' differs in levels of indirection from 'char *[10000]'
C:\Users\Chris2\GoogleDrive\Sikraken\Parser\decl_functions.h(879,20): warning C4024: 'strcpy': different types for formal and actual parameter 2
C:\Users\Chris2\GoogleDrive\Sikraken\Parser\decl_functions.h(899,60): warning C4267: 'function': conversion from 'size_t' to 'int', possible loss of data
C:\Users\Chris2\GoogleDrive\Sikraken\Parser\decl_functions.h(1094,53): warning C4267: 'initializing': conversion from 'size_t' to 'int', possible loss of data
C:\Users\Chris2\GoogleDrive\Sikraken\Parser\decl_functions.h(1100,53): warning C4267: 'initializing': conversion from 'size_t' to 'int', possible loss of data
C:\Users\Chris2\GoogleDrive\Sikraken\Parser\decl_functions.h(1120,28): warning C4267: 'initializing': conversion from 'size_t' to 'int', possible loss of data
C:\Users\Chris2\GoogleDrive\Sikraken\Parser\if_functions.h(93,32): warning C4267: '=': conversion from 'size_t' to 'int', possible loss of data
C:\Users\Chris2\GoogleDrive\Sikraken\Parser\if_functions.h(149,32): warning C4267: '=': conversion from 'size_t' to 'int', possible loss of data
C:\Users\Chris2\GoogleDrive\Sikraken\Parser\if_functions.h(157,36): warning C4267: '=': conversion from 'size_t' to 'int', possible loss of data
C:\Users\Chris2\GoogleDrive\Sikraken\Parser\iteration_functions.h(73,32): warning C4267: '=': conversion from 'size_t' to 'int', possible loss of data
C:\Users\Chris2\GoogleDrive\Sikraken\Parser\iteration_functions.h(131,32): warning C4267: '=': conversion from 'size_t' to 'int', possible loss of data
C:\Users\Chris2\GoogleDrive\Sikraken\Parser\iteration_functions.h(199,32): warning C4267: '=': conversion from 'size_t' to 'int', possible loss of data
C:\Users\Chris2\GoogleDrive\Sikraken\Parser\iteration_functions.h(258,32): warning C4267: '=': conversion from 'size_t' to 'int', possible loss of data
C:\Users\Chris2\GoogleDrive\Sikraken\Parser\structures.h(85,37): warning C4267: '=': conversion from 'size_t' to 'unsigned int', possible loss of data
C:\Users\Chris2\GoogleDrive\Sikraken\Parser\structures.h(113,35): warning C4267: '=': conversion from 'size_t' to 'unsigned int', possible loss of data
C:\Users\Chris2\GoogleDrive\Sikraken\Parser\structures.h(155,48): warning C4267: 'function': conversion from 'size_t' to 'int', possible loss of data
C:\Users\Chris2\GoogleDrive\Sikraken\Parser\structures.h(228,37): warning C4267: '=': conversion from 'size_t' to 'int', possible loss of data
C:\Users\Chris2\GoogleDrive\Sikraken\Parser\conversion_functions.h(212,25): warning C4267: '=': conversion from 'size_t' to 'int', possible loss of data
C:\Users\Chris2\GoogleDrive\Sikraken\Parser\conversion_functions.h(227,14): warning C4267: '=': conversion from 'size_t' to 'int', possible loss of data
/C_grammar.tab.c(2091,16): warning C4013: 'yylex' undefined; assuming extern returning int
/C_grammar.y(260,51): warning C4267: 'function': conversion from 'size_t' to 'int', possible loss of data
/C_grammar.y(281,73): warning C4267: 'function': conversion from 'size_t' to 'int', possible loss of data
/C_grammar.y(956,31): warning C4267: '=': conversion from 'size_t' to 'int', possible loss of data
/C_grammar.tab.c(2009,41): warning C4244: 'initializing': conversion from '__int64' to 'long', possible loss of data
/C_grammar.y(1942,37): warning C4267: 'initializing': conversion from 'size_t' to 'int', possible loss of data
/C_grammar.y(2370,34): warning C4267: 'initializing': conversion from 'size_t' to 'int', possible loss of data
/C_grammar.y(2391,34): warning C4267: 'initializing': conversion from 'size_t' to 'int', possible loss of data
/C_grammar.y(2571,37): warning C4267: 'initializing': conversion from 'size_t' to 'int', possible loss of data
  SikrakenParser.vcxproj -> C:\Users\Chris2\GoogleDrive\Sikraken\bin\sikraken_parser.exe
